#
# There is insufficient memory for the Java Runtime Environment to continue.
# Native memory allocation (malloc) failed to allocate 1472976 bytes. Error detail: Chunk::new
# Possible reasons:
#   The system is out of physical RAM or swap space
#   This process is running with CompressedOops enabled, and the Java Heap may be blocking the growth of the native heap
# Possible solutions:
#   Reduce memory load on the system
#   Increase physical memory or swap space
#   Check if swap backing store is full
#   Decrease Java heap size (-Xmx/-Xms)
#   Decrease number of Java threads
#   Decrease Java thread stack sizes (-Xss)
#   Set larger code cache with -XX:ReservedCodeCacheSize=
#   JVM is running with Unscaled Compressed Oops mode in which the Java heap is
#     placed in the first 4GB address space. The Java Heap base address is the
#     maximum limit for the native heap growth. Please use -XX:HeapBaseMinAddress
#     to set the Java Heap base and to place the Java Heap above 4GB virtual address.
# This output file may be truncated or incomplete.
#
#  Out of Memory Error (arena.cpp:149), pid=15988, tid=6824
#
# JRE version: Java(TM) SE Runtime Environment (23.0.2+7) (build 23.0.2+7-58)
# Java VM: Java HotSpot(TM) 64-Bit Server VM (23.0.2+7-58, mixed mode, sharing, tiered, compressed oops, compressed class ptrs, g1 gc, windows-amd64)
# No core dump will be written. Minidumps are not enabled by default on client versions of Windows
#

---------------  S U M M A R Y ------------

Command Line: -javaagent:C:\Program Files\JetBrains\IntelliJ IDEA 2024.3.5\lib\idea_rt.jar=50338 -Dfile.encoding=UTF-8 -Dsun.stdout.encoding=UTF-8 -Dsun.stderr.encoding=UTF-8 com.backend.BackendApplication

Host: 11th Gen Intel(R) Core(TM) i3-1115G4 @ 3.00GHz, 4 cores, 3G,  Windows 11 , 64 bit Build 26100 (10.0.26100.3775)
Time: Fri Apr 25 11:55:25 2025 Sri Lanka Standard Time elapsed time: 23.248867 seconds (0d 0h 0m 23s)

---------------  T H R E A D  ---------------

Current thread (0x000001385014dd30):  JavaThread "C2 CompilerThread0" daemon [_thread_in_native, id=6824, stack(0x0000001bfd000000,0x0000001bfd100000) (1024K)]


Current CompileTask:
C2:23249 5294       4       jdk.internal.loader.BuiltinClassLoader::defineClass (121 bytes)

Stack: [0x0000001bfd000000,0x0000001bfd100000]
Native frames: (J=compiled Java code, j=interpreted, Vv=VM code, C=native code)
V  [jvm.dll+0x6e0b99]  (no source info available)
V  [jvm.dll+0x87e2b3]  (no source info available)
V  [jvm.dll+0x88073e]  (no source info available)
V  [jvm.dll+0x880e13]  (no source info available)
V  [jvm.dll+0x27b006]  (no source info available)
V  [jvm.dll+0xbc06f]  (no source info available)
V  [jvm.dll+0xbc2cb]  (no source info available)
V  [jvm.dll+0x3b3c22]  (no source info available)
V  [jvm.dll+0x1dc4ae]  (no source info available)
V  [jvm.dll+0x244ce5]  (no source info available)
V  [jvm.dll+0x243eff]  (no source info available)
V  [jvm.dll+0x1c34b0]  (no source info available)
V  [jvm.dll+0x253df1]  (no source info available)
V  [jvm.dll+0x2520aa]  (no source info available)
V  [jvm.dll+0x3ee226]  (no source info available)
V  [jvm.dll+0x8254cb]  (no source info available)
V  [jvm.dll+0x6df345]  (no source info available)
C  [ucrtbase.dll+0x37b0]  (no source info available)
C  [KERNEL32.DLL+0x2e8d7]  (no source info available)
C  [ntdll.dll+0xb14fc]  (no source info available)

Lock stack of current Java thread (top to bottom):


---------------  P R O C E S S  ---------------

Threads class SMR info:
_java_thread_list=0x0000013857169060, length=22, elements={
0x000001386be63660, 0x00000138501428b0, 0x0000013850144320, 0x0000013850149cb0,
0x000001385014a800, 0x000001385014c360, 0x000001385014ceb0, 0x000001385014dd30,
0x00000138501555b0, 0x000001385027a3c0, 0x00000138507c9110, 0x00000138507c9b90,
0x0000013850a7c8a0, 0x0000013850ccb3b0, 0x0000013850c3d360, 0x0000013850d37ef0,
0x00000138558c8090, 0x0000013855841840, 0x0000013855a9b8b0, 0x0000013855a9bf40,
0x0000013856cd4780, 0x0000013856cd2020
}

Java Threads: ( => current thread )
  0x000001386be63660 JavaThread "main"                              [_thread_blocked, id=14768, stack(0x0000001bfc200000,0x0000001bfc300000) (1024K)]
  0x00000138501428b0 JavaThread "Reference Handler"          daemon [_thread_blocked, id=4296, stack(0x0000001bfca00000,0x0000001bfcb00000) (1024K)]
  0x0000013850144320 JavaThread "Finalizer"                  daemon [_thread_blocked, id=13048, stack(0x0000001bfcb00000,0x0000001bfcc00000) (1024K)]
  0x0000013850149cb0 JavaThread "Signal Dispatcher"          daemon [_thread_blocked, id=22880, stack(0x0000001bfcc00000,0x0000001bfcd00000) (1024K)]
  0x000001385014a800 JavaThread "Attach Listener"            daemon [_thread_blocked, id=4464, stack(0x0000001bfcd00000,0x0000001bfce00000) (1024K)]
  0x000001385014c360 JavaThread "Service Thread"             daemon [_thread_blocked, id=16396, stack(0x0000001bfce00000,0x0000001bfcf00000) (1024K)]
  0x000001385014ceb0 JavaThread "Monitor Deflation Thread"   daemon [_thread_blocked, id=12960, stack(0x0000001bfcf00000,0x0000001bfd000000) (1024K)]
=>0x000001385014dd30 JavaThread "C2 CompilerThread0"         daemon [_thread_in_native, id=6824, stack(0x0000001bfd000000,0x0000001bfd100000) (1024K)]
  0x00000138501555b0 JavaThread "C1 CompilerThread0"         daemon [_thread_blocked, id=9208, stack(0x0000001bfd100000,0x0000001bfd200000) (1024K)]
  0x000001385027a3c0 JavaThread "Common-Cleaner"             daemon [_thread_blocked, id=5576, stack(0x0000001bfd200000,0x0000001bfd300000) (1024K)]
  0x00000138507c9110 JavaThread "Monitor Ctrl-Break"         daemon [_thread_in_native, id=16560, stack(0x0000001bfd400000,0x0000001bfd500000) (1024K)]
  0x00000138507c9b90 JavaThread "Notification Thread"        daemon [_thread_blocked, id=11844, stack(0x0000001bfd500000,0x0000001bfd600000) (1024K)]
  0x0000013850a7c8a0 JavaThread "RMI TCP Accept-0"           daemon [_thread_in_native, id=11672, stack(0x0000001bfd800000,0x0000001bfd900000) (1024K)]
  0x0000013850ccb3b0 JavaThread "RMI TCP Connection(1)-192.168.8.132" daemon [_thread_in_native, id=14208, stack(0x0000001bfd900000,0x0000001bfda00000) (1024K)]
  0x0000013850c3d360 JavaThread "RMI Scheduler(0)"           daemon [_thread_blocked, id=18496, stack(0x0000001bfda00000,0x0000001bfdb00000) (1024K)]
  0x0000013850d37ef0 JavaThread "JMX server connection timeout 28" daemon [_thread_blocked, id=21200, stack(0x0000001bfdb00000,0x0000001bfdc00000) (1024K)]
  0x00000138558c8090 JavaThread "Thread-0"                          [_thread_blocked, id=11864, stack(0x0000001bfdc00000,0x0000001bfdd00000) (1024K)]
  0x0000013855841840 JavaThread "restartedMain"                     [_thread_in_vm, id=14068, stack(0x0000001bfdd00000,0x0000001bfde00000) (1024K)]
  0x0000013855a9b8b0 JavaThread "Catalina-utility-1"                [_thread_blocked, id=12636, stack(0x0000001bfde00000,0x0000001bfdf00000) (1024K)]
  0x0000013855a9bf40 JavaThread "Catalina-utility-2"                [_thread_blocked, id=4360, stack(0x0000001bfdf00000,0x0000001bfe000000) (1024K)]
  0x0000013856cd4780 JavaThread "container-0"                       [_thread_blocked, id=20520, stack(0x0000001bfe000000,0x0000001bfe100000) (1024K)]
  0x0000013856cd2020 JavaThread "mysql-cj-abandoned-connection-cleanup" daemon [_thread_blocked, id=16044, stack(0x0000001bfe100000,0x0000001bfe200000) (1024K)]
Total: 22

Other Threads:
  0x0000013850129f00 VMThread "VM Thread"                           [id=14428, stack(0x0000001bfc900000,0x0000001bfca00000) (1024K)]
  0x000001386d9489a0 WatcherThread "VM Periodic Task Thread"        [id=9068, stack(0x0000001bfc800000,0x0000001bfc900000) (1024K)]
  0x000001386d8d2310 WorkerThread "GC Thread#0"                     [id=2752, stack(0x0000001bfc300000,0x0000001bfc400000) (1024K)]
  0x0000013850a4bdf0 WorkerThread "GC Thread#1"                     [id=12544, stack(0x0000001bfd300000,0x0000001bfd400000) (1024K)]
  0x000001385098ce60 WorkerThread "GC Thread#2"                     [id=20880, stack(0x0000001bfd600000,0x0000001bfd700000) (1024K)]
  0x000001385098d210 WorkerThread "GC Thread#3"                     [id=2944, stack(0x0000001bfd700000,0x0000001bfd800000) (1024K)]
  0x000001386d8dd830 ConcurrentGCThread "G1 Main Marker"            [id=9752, stack(0x0000001bfc400000,0x0000001bfc500000) (1024K)]
  0x000001386d8de340 WorkerThread "G1 Conc#0"                       [id=5956, stack(0x0000001bfc500000,0x0000001bfc600000) (1024K)]
  0x000001386d9358f0 ConcurrentGCThread "G1 Refine#0"               [id=8872, stack(0x0000001bfc600000,0x0000001bfc700000) (1024K)]
  0x000001386d936c10 ConcurrentGCThread "G1 Service"                [id=14524, stack(0x0000001bfc700000,0x0000001bfc800000) (1024K)]
Total: 10

Threads with active compile tasks:
C2 CompilerThread0  23333 5294       4       jdk.internal.loader.BuiltinClassLoader::defineClass (121 bytes)
Total: 1

VM state: not at safepoint (normal execution)

VM Mutex/Monitor currently owned by a thread: None

Heap address: 0x00000000c4200000, size: 958 MB, Compressed Oops mode: 32-bit

CDS archive(s) mapped at: [0x000001380f000000-0x000001380fd70000-0x000001380fd70000), size 14090240, SharedBaseAddress: 0x000001380f000000, ArchiveRelocationMode: 1.
Compressed class space mapped at: 0x0000013810000000-0x0000013850000000, reserved size: 1073741824
Narrow klass base: 0x000001380f000000, Narrow klass shift: 0, Narrow klass range: 0x41000000

GC Precious Log:
 CardTable entry size: 512
 Card Set container configuration: InlinePtr #cards 5 size 8 Array Of Cards #cards 10 size 36 Howl #buckets 4 coarsen threshold 1843 Howl Bitmap #cards 512 size 80 coarsen threshold 460 Card regions per heap region 1 cards per card region 2048
 CPUs: 4 total, 4 available
 Memory: 3830M
 Large Page Support: Disabled
 NUMA Support: Disabled
 Compressed Oops: Enabled (32-bit)
 Heap Region Size: 1M
 Heap Min Capacity: 8M
 Heap Initial Capacity: 60M
 Heap Max Capacity: 958M
 Pre-touch: Disabled
 Parallel Workers: 4
 Concurrent Workers: 1
 Concurrent Refinement Workers: 4
 Periodic GC: Disabled

Heap:
 garbage-first heap   total reserved 980992K, committed 51200K, used 38494K [0x00000000c4200000, 0x0000000100000000)
  region size 1024K, 17 young (17408K), 2 survivors (2048K)
 Metaspace       used 44189K, committed 44800K, reserved 1114112K
  class space    used 5871K, committed 6144K, reserved 1048576K

Heap Regions: E=young(eden), S=young(survivor), O=old, HS=humongous(starts), HC=humongous(continues), CS=collection set, F=free, TAMS=top-at-mark-start, PB=parsable bottom
|   0|0x00000000c4200000, 0x00000000c4300000, 0x00000000c4300000|100%|HS|  |TAMS 0x00000000c4200000| PB 0x00000000c4200000| Complete |  0
|   1|0x00000000c4300000, 0x00000000c4400000, 0x00000000c4400000|100%|HS|  |TAMS 0x00000000c4300000| PB 0x00000000c4300000| Complete |  0
|   2|0x00000000c4400000, 0x00000000c4500000, 0x00000000c4500000|100%|HS|  |TAMS 0x00000000c4400000| PB 0x00000000c4400000| Complete |  0
|   3|0x00000000c4500000, 0x00000000c4600000, 0x00000000c4600000|100%| O|  |TAMS 0x00000000c4500000| PB 0x00000000c4500000| Untracked |  0
|   4|0x00000000c4600000, 0x00000000c4700000, 0x00000000c4700000|100%| O|  |TAMS 0x00000000c4600000| PB 0x00000000c4600000| Untracked |  0
|   5|0x00000000c4700000, 0x00000000c4800000, 0x00000000c4800000|100%| O|  |TAMS 0x00000000c4700000| PB 0x00000000c4700000| Untracked |  0
|   6|0x00000000c4800000, 0x00000000c4900000, 0x00000000c4900000|100%| O|  |TAMS 0x00000000c4800000| PB 0x00000000c4800000| Untracked |  0
|   7|0x00000000c4900000, 0x00000000c4a00000, 0x00000000c4a00000|100%| O|  |TAMS 0x00000000c4900000| PB 0x00000000c4900000| Untracked |  0
|   8|0x00000000c4a00000, 0x00000000c4b00000, 0x00000000c4b00000|100%| O|  |TAMS 0x00000000c4a00000| PB 0x00000000c4a00000| Untracked |  0
|   9|0x00000000c4b00000, 0x00000000c4c00000, 0x00000000c4c00000|100%| O|  |TAMS 0x00000000c4b00000| PB 0x00000000c4b00000| Untracked |  0
|  10|0x00000000c4c00000, 0x00000000c4c73450, 0x00000000c4d00000| 45%| O|Cm|TAMS 0x00000000c4c00000| PB 0x00000000c4c00000| Complete |  0
|  11|0x00000000c4d00000, 0x00000000c4e00000, 0x00000000c4e00000|100%| O|  |TAMS 0x00000000c4d00000| PB 0x00000000c4d00000| Untracked |  0
|  12|0x00000000c4e00000, 0x00000000c4f00000, 0x00000000c4f00000|100%| O|  |TAMS 0x00000000c4e00000| PB 0x00000000c4e00000| Untracked |  0
|  13|0x00000000c4f00000, 0x00000000c5000000, 0x00000000c5000000|100%| O|  |TAMS 0x00000000c4f00000| PB 0x00000000c4f00000| Untracked |  0
|  14|0x00000000c5000000, 0x00000000c5100000, 0x00000000c5100000|100%| O|  |TAMS 0x00000000c5000000| PB 0x00000000c5000000| Untracked |  0
|  15|0x00000000c5100000, 0x00000000c5200000, 0x00000000c5200000|100%| O|  |TAMS 0x00000000c5100000| PB 0x00000000c5100000| Untracked |  0
|  16|0x00000000c5200000, 0x00000000c5300000, 0x00000000c5300000|100%| O|  |TAMS 0x00000000c5200000| PB 0x00000000c5200000| Untracked |  0
|  17|0x00000000c5300000, 0x00000000c5400000, 0x00000000c5400000|100%| O|  |TAMS 0x00000000c5300000| PB 0x00000000c5300000| Untracked |  0
|  18|0x00000000c5400000, 0x00000000c5500000, 0x00000000c5500000|100%| O|  |TAMS 0x00000000c5400000| PB 0x00000000c5400000| Untracked |  0
|  19|0x00000000c5500000, 0x00000000c5600000, 0x00000000c5600000|100%| O|  |TAMS 0x00000000c5500000| PB 0x00000000c5500000| Untracked |  0
|  20|0x00000000c5600000, 0x00000000c5700000, 0x00000000c5700000|100%| O|  |TAMS 0x00000000c5600000| PB 0x00000000c5600000| Untracked |  0
|  21|0x00000000c5700000, 0x00000000c5800000, 0x00000000c5800000|100%| O|  |TAMS 0x00000000c5700000| PB 0x00000000c5700000| Untracked |  0
|  22|0x00000000c5800000, 0x00000000c5864100, 0x00000000c5900000| 39%| O|  |TAMS 0x00000000c5800000| PB 0x00000000c5800000| Untracked |  0
|  23|0x00000000c5900000, 0x00000000c5900000, 0x00000000c5a00000|  0%| F|  |TAMS 0x00000000c5900000| PB 0x00000000c5900000| Untracked |  0
|  24|0x00000000c5a00000, 0x00000000c5a00000, 0x00000000c5b00000|  0%| F|  |TAMS 0x00000000c5a00000| PB 0x00000000c5a00000| Untracked |  0
|  25|0x00000000c5b00000, 0x00000000c5b00000, 0x00000000c5c00000|  0%| F|  |TAMS 0x00000000c5b00000| PB 0x00000000c5b00000| Untracked |  0
|  26|0x00000000c5c00000, 0x00000000c5c00000, 0x00000000c5d00000|  0%| F|  |TAMS 0x00000000c5c00000| PB 0x00000000c5c00000| Untracked |  0
|  27|0x00000000c5d00000, 0x00000000c5d00000, 0x00000000c5e00000|  0%| F|  |TAMS 0x00000000c5d00000| PB 0x00000000c5d00000| Untracked |  0
|  28|0x00000000c5e00000, 0x00000000c5ec0300, 0x00000000c5f00000| 75%| S|CS|TAMS 0x00000000c5e00000| PB 0x00000000c5e00000| Complete |  0
|  29|0x00000000c5f00000, 0x00000000c6000000, 0x00000000c6000000|100%| S|CS|TAMS 0x00000000c5f00000| PB 0x00000000c5f00000| Complete |  0
|  30|0x00000000c6000000, 0x00000000c6000000, 0x00000000c6100000|  0%| F|  |TAMS 0x00000000c6000000| PB 0x00000000c6000000| Untracked |  0
|  31|0x00000000c6100000, 0x00000000c6100000, 0x00000000c6200000|  0%| F|  |TAMS 0x00000000c6100000| PB 0x00000000c6100000| Untracked |  0
|  32|0x00000000c6200000, 0x00000000c6200000, 0x00000000c6300000|  0%| F|  |TAMS 0x00000000c6200000| PB 0x00000000c6200000| Untracked |  0
|  33|0x00000000c6300000, 0x00000000c6300000, 0x00000000c6400000|  0%| F|  |TAMS 0x00000000c6300000| PB 0x00000000c6300000| Untracked |  0
|  34|0x00000000c6400000, 0x00000000c6400000, 0x00000000c6500000|  0%| F|  |TAMS 0x00000000c6400000| PB 0x00000000c6400000| Untracked |  0
|  35|0x00000000c6500000, 0x00000000c6504df8, 0x00000000c6600000|  1%| E|  |TAMS 0x00000000c6500000| PB 0x00000000c6500000| Complete |  0
|  36|0x00000000c6600000, 0x00000000c6700000, 0x00000000c6700000|100%| E|CS|TAMS 0x00000000c6600000| PB 0x00000000c6600000| Complete |  0
|  37|0x00000000c6700000, 0x00000000c6800000, 0x00000000c6800000|100%| E|CS|TAMS 0x00000000c6700000| PB 0x00000000c6700000| Complete |  0
|  38|0x00000000c6800000, 0x00000000c6900000, 0x00000000c6900000|100%| E|CS|TAMS 0x00000000c6800000| PB 0x00000000c6800000| Complete |  0
|  39|0x00000000c6900000, 0x00000000c6a00000, 0x00000000c6a00000|100%| E|CS|TAMS 0x00000000c6900000| PB 0x00000000c6900000| Complete |  0
|  40|0x00000000c6a00000, 0x00000000c6b00000, 0x00000000c6b00000|100%| E|CS|TAMS 0x00000000c6a00000| PB 0x00000000c6a00000| Complete |  0
|  41|0x00000000c6b00000, 0x00000000c6c00000, 0x00000000c6c00000|100%| E|CS|TAMS 0x00000000c6b00000| PB 0x00000000c6b00000| Complete |  0
|  42|0x00000000c6c00000, 0x00000000c6d00000, 0x00000000c6d00000|100%| E|CS|TAMS 0x00000000c6c00000| PB 0x00000000c6c00000| Complete |  0
|  43|0x00000000c6d00000, 0x00000000c6e00000, 0x00000000c6e00000|100%| E|CS|TAMS 0x00000000c6d00000| PB 0x00000000c6d00000| Complete |  0
|  44|0x00000000c6e00000, 0x00000000c6f00000, 0x00000000c6f00000|100%| E|CS|TAMS 0x00000000c6e00000| PB 0x00000000c6e00000| Complete |  0
|  45|0x00000000c6f00000, 0x00000000c7000000, 0x00000000c7000000|100%| E|CS|TAMS 0x00000000c6f00000| PB 0x00000000c6f00000| Complete |  0
|  46|0x00000000c7000000, 0x00000000c7100000, 0x00000000c7100000|100%| E|CS|TAMS 0x00000000c7000000| PB 0x00000000c7000000| Complete |  0
|  47|0x00000000c7100000, 0x00000000c7200000, 0x00000000c7200000|100%| E|CS|TAMS 0x00000000c7100000| PB 0x00000000c7100000| Complete |  0
|  48|0x00000000c7200000, 0x00000000c7300000, 0x00000000c7300000|100%| E|CS|TAMS 0x00000000c7200000| PB 0x00000000c7200000| Complete |  0
|  59|0x00000000c7d00000, 0x00000000c7e00000, 0x00000000c7e00000|100%| E|CS|TAMS 0x00000000c7d00000| PB 0x00000000c7d00000| Complete |  0

Card table byte_map: [0x00000138769c0000,0x0000013876ba0000] _byte_map_base: 0x000001387639f000

Marking Bits: (CMBitMap*) 0x000001386d8d2a20
 Bits: [0x0000013876ba0000, 0x0000013877a98000)

Polling page: 0x000001386d950000

Metaspace:

Usage:
  Non-class:     37.44 MB used.
      Class:      5.74 MB used.
       Both:     43.18 MB used.

Virtual space:
  Non-class space:       64.00 MB reserved,      37.75 MB ( 59%) committed,  1 nodes.
      Class space:        1.00 GB reserved,       6.00 MB ( <1%) committed,  1 nodes.
             Both:        1.06 GB reserved,      43.75 MB (  4%) committed. 

Chunk freelists:
   Non-Class:  10.16 MB
       Class:  10.03 MB
        Both:  20.19 MB

MaxMetaspaceSize: unlimited
CompressedClassSpaceSize: 1.00 GB
Initial GC threshold: 21.00 MB
Current GC threshold: 59.06 MB
CDS: on
 - commit_granule_bytes: 65536.
 - commit_granule_words: 8192.
 - virtual_space_node_default_size: 8388608.
 - enlarge_chunks_in_place: 1.
 - use_allocation_guard: 0.


Internal statistics:

num_allocs_failed_limit: 8.
num_arena_births: 756.
num_arena_deaths: 0.
num_vsnodes_births: 2.
num_vsnodes_deaths: 0.
num_space_committed: 700.
num_space_uncommitted: 0.
num_chunks_returned_to_freelist: 8.
num_chunks_taken_from_freelist: 2196.
num_chunk_merges: 8.
num_chunk_splits: 1535.
num_chunks_enlarged: 1135.
num_inconsistent_stats: 0.

CodeHeap 'non-profiled nmethods': size=120064Kb used=2227Kb max_used=2227Kb free=117836Kb
 bounds [0x0000013807ac0000, 0x0000013807d30000, 0x000001380f000000]
CodeHeap 'profiled nmethods': size=120000Kb used=7965Kb max_used=8337Kb free=112034Kb
 bounds [0x0000013800000000, 0x0000013800830000, 0x0000013807530000]
CodeHeap 'non-nmethods': size=5696Kb used=1686Kb max_used=1696Kb free=4010Kb
 bounds [0x0000013807530000, 0x00000138077a0000, 0x0000013807ac0000]
CodeCache: size=245760Kb, used=11878Kb, max_used=12260Kb, free=233880Kb
 total_blobs=5576, nmethods=4952, adapters=529, full_count=0
Compilation: enabled, stopped_count=0, restarted_count=0

Compilation events (20 events):
Event: 22.709 Thread 0x00000138501555b0 5287       1       com.mysql.cj.conf.AbstractPropertyDefinition::getDefaultValue (5 bytes)
Event: 22.709 Thread 0x00000138501555b0 nmethod 5287 0x0000013807ce9488 code [0x0000013807ce95a0, 0x0000013807ce9668]
Event: 22.709 Thread 0x00000138501555b0 5288       3       java.util.HashMap$ValueIterator::next (8 bytes)
Event: 22.710 Thread 0x00000138501555b0 nmethod 5288 0x000001380008da08 code [0x000001380008db20, 0x000001380008dc60]
Event: 22.710 Thread 0x00000138501555b0 5289       1       com.mysql.cj.conf.AbstractRuntimeProperty::getPropertyDefinition (5 bytes)
Event: 22.711 Thread 0x00000138501555b0 nmethod 5289 0x0000013807ce9788 code [0x0000013807ce98a0, 0x0000013807ce9968]
Event: 22.711 Thread 0x00000138501555b0 5290       1       com.mysql.cj.conf.AbstractPropertyDefinition::getName (5 bytes)
Event: 22.711 Thread 0x00000138501555b0 nmethod 5290 0x0000013807ce9a88 code [0x0000013807ce9ba0, 0x0000013807ce9c68]
Event: 22.711 Thread 0x00000138501555b0 5291       1       com.mysql.cj.conf.AbstractPropertyDefinition::getCcAlias (5 bytes)
Event: 22.711 Thread 0x00000138501555b0 nmethod 5291 0x0000013807ce9d88 code [0x0000013807ce9ea0, 0x0000013807ce9f68]
Event: 22.746 Thread 0x000001385014dd30 nmethod 5285% 0x0000013807cea088 code [0x0000013807cea380, 0x0000013807cec570]
Event: 22.761 Thread 0x00000138501555b0 5292   !   3       com.mysql.cj.conf.DefaultPropertySet::getProperty (52 bytes)
Event: 22.762 Thread 0x00000138501555b0 nmethod 5292 0x0000013800097a08 code [0x0000013800097b80, 0x0000013800098238]
Event: 22.771 Thread 0x000001385014dd30 5293       4       sun.net.www.ParseUtil::match (50 bytes)
Event: 22.771 Thread 0x000001385014dd30 nmethod 5293 0x0000013807cec688 code [0x0000013807cec780, 0x0000013807cec858]
Event: 22.803 Thread 0x000001385014dd30 5294       4       jdk.internal.loader.BuiltinClassLoader::defineClass (121 bytes)
Event: 22.998 Thread 0x00000138501555b0 5296       3       java.lang.invoke.MemberName::asNormalOriginal (105 bytes)
Event: 22.999 Thread 0x00000138501555b0 nmethod 5296 0x000001380007d408 code [0x000001380007d5a0, 0x000001380007dba0]
Event: 23.053 Thread 0x00000138501555b0 5297       3       java.text.MessageFormat::<init> (56 bytes)
Event: 23.053 Thread 0x00000138501555b0 nmethod 5297 0x00000138000c1288 code [0x00000138000c1400, 0x00000138000c19f0]

GC Heap History (20 events):
Event: 2.734 GC heap before
{Heap before GC invocations=0 (full 0):
 garbage-first heap   total reserved 980992K, committed 61440K, used 16384K [0x00000000c4200000, 0x0000000100000000)
  region size 1024K, 14 young (14336K), 0 survivors (0K)
 Metaspace       used 5071K, committed 5248K, reserved 1114112K
  class space    used 535K, committed 640K, reserved 1048576K
}
Event: 2.763 GC heap after
{Heap after GC invocations=1 (full 0):
 garbage-first heap   total reserved 980992K, committed 61440K, used 9728K [0x00000000c4200000, 0x0000000100000000)
  region size 1024K, 2 young (2048K), 2 survivors (2048K)
 Metaspace       used 5071K, committed 5248K, reserved 1114112K
  class space    used 535K, committed 640K, reserved 1048576K
}
Event: 3.681 GC heap before
{Heap before GC invocations=1 (full 0):
 garbage-first heap   total reserved 980992K, committed 61440K, used 20992K [0x00000000c4200000, 0x0000000100000000)
  region size 1024K, 13 young (13312K), 2 survivors (2048K)
 Metaspace       used 9017K, committed 9280K, reserved 1114112K
  class space    used 1037K, committed 1152K, reserved 1048576K
}
Event: 3.690 GC heap after
{Heap after GC invocations=2 (full 0):
 garbage-first heap   total reserved 980992K, committed 61440K, used 10773K [0x00000000c4200000, 0x0000000100000000)
  region size 1024K, 2 young (2048K), 2 survivors (2048K)
 Metaspace       used 9017K, committed 9280K, reserved 1114112K
  class space    used 1037K, committed 1152K, reserved 1048576K
}
Event: 5.883 GC heap before
{Heap before GC invocations=2 (full 0):
 garbage-first heap   total reserved 980992K, committed 61440K, used 34325K [0x00000000c4200000, 0x0000000100000000)
  region size 1024K, 26 young (26624K), 2 survivors (2048K)
 Metaspace       used 14291K, committed 14720K, reserved 1114112K
  class space    used 1787K, committed 1984K, reserved 1048576K
}
Event: 5.890 GC heap after
{Heap after GC invocations=3 (full 0):
 garbage-first heap   total reserved 980992K, committed 61440K, used 12717K [0x00000000c4200000, 0x0000000100000000)
  region size 1024K, 3 young (3072K), 3 survivors (3072K)
 Metaspace       used 14291K, committed 14720K, reserved 1114112K
  class space    used 1787K, committed 1984K, reserved 1048576K
}
Event: 6.847 GC heap before
{Heap before GC invocations=3 (full 0):
 garbage-first heap   total reserved 980992K, committed 61440K, used 34221K [0x00000000c4200000, 0x0000000100000000)
  region size 1024K, 26 young (26624K), 3 survivors (3072K)
 Metaspace       used 21146K, committed 21504K, reserved 1114112K
  class space    used 2605K, committed 2752K, reserved 1048576K
}
Event: 6.854 GC heap after
{Heap after GC invocations=4 (full 0):
 garbage-first heap   total reserved 980992K, committed 61440K, used 14361K [0x00000000c4200000, 0x0000000100000000)
  region size 1024K, 4 young (4096K), 4 survivors (4096K)
 Metaspace       used 21146K, committed 21504K, reserved 1114112K
  class space    used 2605K, committed 2752K, reserved 1048576K
}
Event: 9.541 GC heap before
{Heap before GC invocations=5 (full 0):
 garbage-first heap   total reserved 980992K, committed 51200K, used 39961K [0x00000000c4200000, 0x0000000100000000)
  region size 1024K, 30 young (30720K), 4 survivors (4096K)
 Metaspace       used 24615K, committed 25088K, reserved 1114112K
  class space    used 3044K, committed 3264K, reserved 1048576K
}
Event: 9.550 GC heap after
{Heap after GC invocations=6 (full 0):
 garbage-first heap   total reserved 980992K, committed 51200K, used 16808K [0x00000000c4200000, 0x0000000100000000)
  region size 1024K, 4 young (4096K), 4 survivors (4096K)
 Metaspace       used 24615K, committed 25088K, reserved 1114112K
  class space    used 3044K, committed 3264K, reserved 1048576K
}
Event: 13.447 GC heap before
{Heap before GC invocations=6 (full 0):
 garbage-first heap   total reserved 980992K, committed 51200K, used 37288K [0x00000000c4200000, 0x0000000100000000)
  region size 1024K, 25 young (25600K), 4 survivors (4096K)
 Metaspace       used 27328K, committed 27776K, reserved 1114112K
  class space    used 3418K, committed 3584K, reserved 1048576K
}
Event: 13.526 GC heap after
{Heap after GC invocations=7 (full 0):
 garbage-first heap   total reserved 980992K, committed 51200K, used 18651K [0x00000000c4200000, 0x0000000100000000)
  region size 1024K, 2 young (2048K), 2 survivors (2048K)
 Metaspace       used 27328K, committed 27776K, reserved 1114112K
  class space    used 3418K, committed 3584K, reserved 1048576K
}
Event: 18.088 GC heap before
{Heap before GC invocations=7 (full 0):
 garbage-first heap   total reserved 980992K, committed 51200K, used 39131K [0x00000000c4200000, 0x0000000100000000)
  region size 1024K, 23 young (23552K), 2 survivors (2048K)
 Metaspace       used 30861K, committed 31296K, reserved 1114112K
  class space    used 3930K, committed 4096K, reserved 1048576K
}
Event: 18.099 GC heap after
{Heap after GC invocations=8 (full 0):
 garbage-first heap   total reserved 980992K, committed 51200K, used 20705K [0x00000000c4200000, 0x0000000100000000)
  region size 1024K, 3 young (3072K), 3 survivors (3072K)
 Metaspace       used 30861K, committed 31296K, reserved 1114112K
  class space    used 3930K, committed 4096K, reserved 1048576K
}
Event: 20.692 GC heap before
{Heap before GC invocations=8 (full 0):
 garbage-first heap   total reserved 980992K, committed 51200K, used 39137K [0x00000000c4200000, 0x0000000100000000)
  region size 1024K, 22 young (22528K), 3 survivors (3072K)
 Metaspace       used 33602K, committed 34176K, reserved 1114112K
  class space    used 4299K, committed 4544K, reserved 1048576K
}
Event: 20.700 GC heap after
{Heap after GC invocations=9 (full 0):
 garbage-first heap   total reserved 980992K, committed 51200K, used 22383K [0x00000000c4200000, 0x0000000100000000)
  region size 1024K, 2 young (2048K), 2 survivors (2048K)
 Metaspace       used 33602K, committed 34176K, reserved 1114112K
  class space    used 4299K, committed 4544K, reserved 1048576K
}
Event: 21.327 GC heap before
{Heap before GC invocations=9 (full 0):
 garbage-first heap   total reserved 980992K, committed 51200K, used 33647K [0x00000000c4200000, 0x0000000100000000)
  region size 1024K, 14 young (14336K), 2 survivors (2048K)
 Metaspace       used 35415K, committed 35968K, reserved 1114112K
  class space    used 4546K, committed 4800K, reserved 1048576K
}
Event: 21.333 GC heap after
{Heap after GC invocations=10 (full 0):
 garbage-first heap   total reserved 980992K, committed 51200K, used 23475K [0x00000000c4200000, 0x0000000100000000)
  region size 1024K, 2 young (2048K), 2 survivors (2048K)
 Metaspace       used 35415K, committed 35968K, reserved 1114112K
  class space    used 4546K, committed 4800K, reserved 1048576K
}
Event: 22.235 GC heap before
{Heap before GC invocations=11 (full 0):
 garbage-first heap   total reserved 980992K, committed 51200K, used 41907K [0x00000000c4200000, 0x0000000100000000)
  region size 1024K, 20 young (20480K), 2 survivors (2048K)
 Metaspace       used 40224K, committed 40768K, reserved 1114112K
  class space    used 5341K, committed 5568K, reserved 1048576K
}
Event: 22.238 GC heap after
{Heap after GC invocations=12 (full 0):
 garbage-first heap   total reserved 980992K, committed 51200K, used 24158K [0x00000000c4200000, 0x0000000100000000)
  region size 1024K, 2 young (2048K), 2 survivors (2048K)
 Metaspace       used 40224K, committed 40768K, reserved 1114112K
  class space    used 5341K, committed 5568K, reserved 1048576K
}

Dll operation events (13 events):
Event: 0.036 Loaded shared library C:\Program Files\Java\jdk-23\bin\java.dll
Event: 0.270 Loaded shared library C:\Program Files\Java\jdk-23\bin\jsvml.dll
Event: 0.859 Loaded shared library C:\Program Files\Java\jdk-23\bin\zip.dll
Event: 0.876 Loaded shared library C:\Program Files\Java\jdk-23\bin\instrument.dll
Event: 0.952 Loaded shared library C:\Program Files\Java\jdk-23\bin\net.dll
Event: 0.963 Loaded shared library C:\Program Files\Java\jdk-23\bin\nio.dll
Event: 0.970 Loaded shared library C:\Program Files\Java\jdk-23\bin\zip.dll
Event: 2.166 Loaded shared library C:\Program Files\Java\jdk-23\bin\jimage.dll
Event: 2.380 Loaded shared library C:\Program Files\Java\jdk-23\bin\extnet.dll
Event: 2.411 Loaded shared library C:\Program Files\Java\jdk-23\bin\management.dll
Event: 2.437 Loaded shared library C:\Program Files\Java\jdk-23\bin\management_ext.dll
Event: 7.364 Loaded shared library C:\Program Files\Java\jdk-23\bin\sunmscapi.dll
Event: 22.061 Loaded shared library C:\Program Files\Java\jdk-23\bin\verify.dll

Deoptimization events (20 events):
Event: 22.591 Thread 0x0000013855841840 Uncommon trap: trap_request=0xffffff45 fr.pc=0x0000013807bbf3ec relative=0x000000000000084c
Event: 22.591 Thread 0x0000013855841840 Uncommon trap: reason=unstable_if action=reinterpret pc=0x0000013807bbf3ec method=java.util.Properties.load0(Ljava/util/Properties$LineReader;)V @ 160 c2
Event: 22.591 Thread 0x0000013855841840 DEOPT PACKING pc=0x0000013807bbf3ec sp=0x0000001bfddfab70
Event: 22.591 Thread 0x0000013855841840 DEOPT UNPACKING pc=0x0000013807587982 sp=0x0000001bfddfab18 mode 2
Event: 22.592 Thread 0x0000013855841840 Uncommon trap: trap_request=0xffffff45 fr.pc=0x0000013807b9988c relative=0x0000000000000eac
Event: 22.592 Thread 0x0000013855841840 Uncommon trap: reason=unstable_if action=reinterpret pc=0x0000013807b9988c method=java.util.concurrent.ConcurrentHashMap.putVal(Ljava/lang/Object;Ljava/lang/Object;Z)Ljava/lang/Object; @ 245 c2
Event: 22.592 Thread 0x0000013855841840 DEOPT PACKING pc=0x0000013807b9988c sp=0x0000001bfddfaa20
Event: 22.592 Thread 0x0000013855841840 DEOPT UNPACKING pc=0x0000013807587982 sp=0x0000001bfddfa998 mode 2
Event: 22.595 Thread 0x0000013855841840 Uncommon trap: trap_request=0xffffff45 fr.pc=0x0000013807c1153c relative=0x000000000000073c
Event: 22.595 Thread 0x0000013855841840 Uncommon trap: reason=unstable_if action=reinterpret pc=0x0000013807c1153c method=java.util.HashMap.putVal(ILjava/lang/Object;Ljava/lang/Object;ZZ)Ljava/lang/Object; @ 206 c2
Event: 22.595 Thread 0x0000013855841840 DEOPT PACKING pc=0x0000013807c1153c sp=0x0000001bfddfaab0
Event: 22.595 Thread 0x0000013855841840 DEOPT UNPACKING pc=0x0000013807587982 sp=0x0000001bfddfaa38 mode 2
Event: 22.786 Thread 0x0000013855841840 Uncommon trap: trap_request=0xffffff45 fr.pc=0x0000013807be5554 relative=0x0000000000000194
Event: 22.786 Thread 0x0000013855841840 Uncommon trap: reason=unstable_if action=reinterpret pc=0x0000013807be5554 method=sun.net.www.ParseUtil.encodePath(Ljava/lang/String;Z)Ljava/lang/String; @ 1 c2
Event: 22.786 Thread 0x0000013855841840 DEOPT PACKING pc=0x0000013807be5554 sp=0x0000001bfddfcfa0
Event: 22.786 Thread 0x0000013855841840 DEOPT UNPACKING pc=0x0000013807587982 sp=0x0000001bfddfcf58 mode 2
Event: 22.786 Thread 0x0000013855841840 Uncommon trap: trap_request=0xffffff45 fr.pc=0x0000013807b4772c relative=0x00000000000000ac
Event: 22.786 Thread 0x0000013855841840 Uncommon trap: reason=unstable_if action=reinterpret pc=0x0000013807b4772c method=java.net.URI.match(CJJ)Z @ 45 c2
Event: 22.786 Thread 0x0000013855841840 DEOPT PACKING pc=0x0000013807b4772c sp=0x0000001bfddfca20
Event: 22.786 Thread 0x0000013855841840 DEOPT UNPACKING pc=0x0000013807587982 sp=0x0000001bfddfc9b0 mode 2

Classes loaded (20 events):
Event: 22.469 Loading class javax/naming/event/NamingListener
Event: 22.469 Loading class javax/naming/event/NamingListener done
Event: 22.470 Loading class javax/naming/event/NamespaceChangeListener
Event: 22.470 Loading class javax/naming/event/NamespaceChangeListener done
Event: 22.511 Loading class java/lang/AbstractMethodError
Event: 22.512 Loading class java/lang/AbstractMethodError done
Event: 22.554 Loading class java/util/concurrent/ThreadPoolExecutor$DiscardPolicy
Event: 22.555 Loading class java/util/concurrent/ThreadPoolExecutor$DiscardPolicy done
Event: 22.557 Loading class java/util/concurrent/atomic/AtomicIntegerFieldUpdater
Event: 22.557 Loading class java/util/concurrent/atomic/AtomicIntegerFieldUpdater done
Event: 22.557 Loading class java/util/concurrent/atomic/AtomicIntegerFieldUpdater$AtomicIntegerFieldUpdaterImpl
Event: 22.557 Loading class java/util/concurrent/atomic/AtomicIntegerFieldUpdater$AtomicIntegerFieldUpdaterImpl done
Event: 22.557 Loading class java/util/concurrent/atomic/AtomicIntegerFieldUpdater$AtomicIntegerFieldUpdaterImpl$1
Event: 22.557 Loading class java/util/concurrent/atomic/AtomicIntegerFieldUpdater$AtomicIntegerFieldUpdaterImpl$1 done
Event: 22.570 Loading class java/io/StringWriter
Event: 22.570 Loading class java/io/StringWriter done
Event: 22.599 Loading class java/math/MathContext
Event: 22.600 Loading class java/math/MathContext done
Event: 22.775 Loading class java/util/LinkedList$LLSpliterator
Event: 22.775 Loading class java/util/LinkedList$LLSpliterator done

Classes unloaded (0 events):
No events

Classes redefined (0 events):
No events

Internal exceptions (20 events):
Event: 17.843 Thread 0x0000013855841840 Exception <a 'java/lang/NoSuchMethodError'{0x00000000c60b0710}: 'java.lang.Object java.lang.invoke.DirectMethodHandle$Holder.invokeSpecialIFC(java.lang.Object, java.lang.Object, java.lang.Object)'> (0x00000000c60b0710) 
thrown [s\open\src\hotspot\share\interpreter\linkResolver.cpp, line 796]
Event: 17.923 Thread 0x0000013855841840 Exception <a 'java/lang/NoSuchMethodError'{0x00000000c5f02560}: 'java.lang.Object java.lang.invoke.DirectMethodHandle$Holder.invokeVirtual(java.lang.Object, java.lang.Object, java.lang.Object, java.lang.Object, java.lang.Object)'> (0x00000000c5f02560) 
thrown [s\open\src\hotspot\share\interpreter\linkResolver.cpp, line 796]
Event: 18.456 Thread 0x0000013855841840 Exception <a 'java/lang/NoSuchMethodError'{0x00000000c72b7808}: 'void java.lang.invoke.DirectMethodHandle$Holder.invokeStatic(java.lang.Object, java.lang.Object, int)'> (0x00000000c72b7808) 
thrown [s\open\src\hotspot\share\interpreter\linkResolver.cpp, line 796]
Event: 18.551 Thread 0x0000013855841840 Exception <a 'java/lang/NoSuchMethodError'{0x00000000c71aa580}: 'java.lang.Object java.lang.invoke.DirectMethodHandle$Holder.invokeVirtual(java.lang.Object, java.lang.Object, java.lang.Object, java.lang.Object, java.lang.Object, java.lang.Object)'> (0x00000000c71aa580) 
thrown [s\open\src\hotspot\share\interpreter\linkResolver.cpp, line 796]
Event: 18.881 Thread 0x0000013855841840 Exception <a 'java/lang/NoSuchMethodError'{0x00000000c70c6de8}: 'void java.lang.invoke.DirectMethodHandle$Holder.invokeInterface(java.lang.Object, java.lang.Object, int)'> (0x00000000c70c6de8) 
thrown [s\open\src\hotspot\share\interpreter\linkResolver.cpp, line 796]
Event: 18.904 Thread 0x0000013855841840 Exception <a 'java/lang/IncompatibleClassChangeError'{0x00000000c6f0bdd0}: Found class java.lang.Object, but interface was expected> (0x00000000c6f0bdd0) 
thrown [s\open\src\hotspot\share\interpreter\linkResolver.cpp, line 863]
Event: 18.909 Thread 0x0000013855841840 Exception <a 'java/lang/NoSuchMethodError'{0x00000000c6f1ab88}: 'int java.lang.invoke.DirectMethodHandle$Holder.invokeSpecialIFC(java.lang.Object, java.lang.Object, java.lang.Object)'> (0x00000000c6f1ab88) 
thrown [s\open\src\hotspot\share\interpreter\linkResolver.cpp, line 796]
Event: 19.064 Thread 0x0000013855841840 Exception <a 'java/lang/NoSuchMethodError'{0x00000000c6fe39f0}: 'void java.lang.invoke.DirectMethodHandle$Holder.invokeStatic(java.lang.Object, java.lang.Object, java.lang.Object, int, java.lang.Object)'> (0x00000000c6fe39f0) 
thrown [s\open\src\hotspot\share\interpreter\linkResolver.cpp, line 796]
Event: 19.065 Thread 0x0000013855841840 Exception <a 'java/lang/NoSuchMethodError'{0x00000000c6fea2d0}: 'java.lang.Object java.lang.invoke.DirectMethodHandle$Holder.newInvokeSpecial(java.lang.Object, java.lang.Object, java.lang.Object, int)'> (0x00000000c6fea2d0) 
thrown [s\open\src\hotspot\share\interpreter\linkResolver.cpp, line 796]
Event: 19.067 Thread 0x0000013855841840 Exception <a 'java/lang/NoSuchMethodError'{0x00000000c6fee188}: 'java.lang.Object java.lang.invoke.DirectMethodHandle$Holder.invokeSpecial(java.lang.Object, java.lang.Object, java.lang.Object, java.lang.Object, int)'> (0x00000000c6fee188) 
thrown [s\open\src\hotspot\share\interpreter\linkResolver.cpp, line 796]
Event: 19.067 Thread 0x0000013855841840 Exception <a 'java/lang/NoSuchMethodError'{0x00000000c6ff1628}: 'java.lang.Object java.lang.invoke.Invokers$Holder.linkToTargetMethod(java.lang.Object, java.lang.Object, int, java.lang.Object)'> (0x00000000c6ff1628) 
thrown [s\open\src\hotspot\share\interpreter\linkResolver.cpp, line 796]
Event: 20.389 Thread 0x0000013855841840 Exception <a 'java/lang/NoSuchMethodError'{0x00000000c639df68}: 'int java.lang.invoke.DirectMethodHandle$Holder.invokeVirtual(java.lang.Object, java.lang.Object, java.lang.Object, java.lang.Object)'> (0x00000000c639df68) 
thrown [s\open\src\hotspot\share\interpreter\linkResolver.cpp, line 796]
Event: 20.390 Thread 0x0000013855841840 Exception <a 'java/lang/NoSuchMethodError'{0x00000000c63a1800}: 'int java.lang.invoke.DelegatingMethodHandle$Holder.reinvoke_L(java.lang.Object, java.lang.Object, java.lang.Object, java.lang.Object)'> (0x00000000c63a1800) 
thrown [s\open\src\hotspot\share\interpreter\linkResolver.cpp, line 796]
Event: 20.652 Thread 0x0000013855841840 Exception <a 'java/io/FileNotFoundException'{0x00000000c62baa00}> (0x00000000c62baa00) 
thrown [s\open\src\hotspot\share\prims\jni.cpp, line 520]
Event: 20.747 Thread 0x0000013855841840 Exception <a 'java/lang/NoSuchMethodError'{0x00000000c723aba0}: 'int java.lang.invoke.DirectMethodHandle$Holder.invokeInterface(java.lang.Object, java.lang.Object, java.lang.Object, java.lang.Object)'> (0x00000000c723aba0) 
thrown [s\open\src\hotspot\share\interpreter\linkResolver.cpp, line 796]
Event: 20.867 Thread 0x0000013855841840 Exception <a 'java/io/FileNotFoundException'{0x00000000c70708b0}> (0x00000000c70708b0) 
thrown [s\open\src\hotspot\share\prims\jni.cpp, line 520]
Event: 21.108 Thread 0x0000013855841840 Exception <a 'java/lang/NoSuchMethodError'{0x00000000c6b2c5c0}: 'java.lang.Object java.lang.invoke.DirectMethodHandle$Holder.newInvokeSpecial(java.lang.Object, java.lang.Object, java.lang.Object, java.lang.Object, java.lang.Object, java.lang.Object, java.lang.Object, java.lang.Object, java.lang.Object, java.lang.Object, java.lang.Object)'> (0x00000000c6b2c5c0) 
thrown [s\open\src\hotspot\share\interpreter\linkResolver.cpp, line 796]
Event: 21.362 Thread 0x0000013855841840 Exception <a 'java/lang/NoSuchMethodError'{0x00000000c7d65c40}: 'void java.lang.invoke.DelegatingMethodHandle$Holder.reinvoke_L(java.lang.Object, java.lang.Object, java.lang.Object, java.lang.Object, int, java.lang.Object, java.lang.Object, java.lang.Object)'> (0x00000000c7d65c40) 
thrown [s\open\src\hotspot\share\interpreter\linkResolver.cpp, line 796]
Event: 22.498 Thread 0x0000013855841840 Exception <a 'java/lang/NoSuchMethodError'{0x00000000c6ef6648}: 'int java.lang.invoke.DirectMethodHandle$Holder.invokeStatic(java.lang.Object)'> (0x00000000c6ef6648) 
thrown [s\open\src\hotspot\share\interpreter\linkResolver.cpp, line 796]
Event: 22.518 Thread 0x0000013855841840 Implicit null exception at 0x0000013807cb1633 to 0x0000013807cb1c4c

VM Operations (20 events):
Event: 20.716 Executing VM operation: HandshakeAllThreads (Deoptimize)
Event: 20.716 Executing VM operation: HandshakeAllThreads (Deoptimize) done
Event: 20.812 Executing VM operation: HandshakeAllThreads (Deoptimize)
Event: 20.812 Executing VM operation: HandshakeAllThreads (Deoptimize) done
Event: 20.813 Executing VM operation: HandshakeAllThreads (Deoptimize)
Event: 20.813 Executing VM operation: HandshakeAllThreads (Deoptimize) done
Event: 20.885 Executing VM operation: HandshakeAllThreads (Deoptimize)
Event: 20.885 Executing VM operation: HandshakeAllThreads (Deoptimize) done
Event: 21.307 Executing VM operation: CollectForMetadataAllocation (Metadata GC Threshold)
Event: 21.333 Executing VM operation: CollectForMetadataAllocation (Metadata GC Threshold) done
Event: 21.379 Executing VM operation: G1PauseRemark
Event: 21.396 Executing VM operation: G1PauseRemark done
Event: 21.396 Executing VM operation: CollectForMetadataAllocation (Metadata GC Threshold)
Event: 21.396 Executing VM operation: CollectForMetadataAllocation (Metadata GC Threshold) done
Event: 21.408 Executing VM operation: G1PauseCleanup
Event: 21.439 Executing VM operation: G1PauseCleanup done
Event: 21.514 Executing VM operation: HandshakeAllThreads (Deoptimize)
Event: 21.528 Executing VM operation: HandshakeAllThreads (Deoptimize) done
Event: 22.230 Executing VM operation: G1CollectForAllocation (G1 Evacuation Pause)
Event: 22.238 Executing VM operation: G1CollectForAllocation (G1 Evacuation Pause) done

Memory protections (0 events):
No events

Nmethod flushes (20 events):
Event: 21.394 Thread 0x0000013850129f00 flushing  nmethod 0x0000013800130908
Event: 21.394 Thread 0x0000013850129f00 flushing  nmethod 0x0000013800130c08
Event: 21.394 Thread 0x0000013850129f00 flushing  nmethod 0x0000013800134d88
Event: 21.394 Thread 0x0000013850129f00 flushing  nmethod 0x000001380013a108
Event: 21.394 Thread 0x0000013850129f00 flushing  nmethod 0x000001380013a888
Event: 21.394 Thread 0x0000013850129f00 flushing  nmethod 0x000001380013c608
Event: 21.394 Thread 0x0000013850129f00 flushing  nmethod 0x000001380013ca08
Event: 21.394 Thread 0x0000013850129f00 flushing  nmethod 0x0000013800149708
Event: 21.394 Thread 0x0000013850129f00 flushing  nmethod 0x0000013800168a08
Event: 21.394 Thread 0x0000013850129f00 flushing  nmethod 0x00000138001b3808
Event: 21.394 Thread 0x0000013850129f00 flushing  nmethod 0x00000138001ff108
Event: 21.394 Thread 0x0000013850129f00 flushing  nmethod 0x000001380022aa08
Event: 21.394 Thread 0x0000013850129f00 flushing  nmethod 0x0000013800237c08
Event: 21.394 Thread 0x0000013850129f00 flushing  nmethod 0x0000013800239008
Event: 21.394 Thread 0x0000013850129f00 flushing  nmethod 0x0000013800239888
Event: 21.394 Thread 0x0000013850129f00 flushing  nmethod 0x00000138002a1508
Event: 21.394 Thread 0x0000013850129f00 flushing  nmethod 0x00000138002a1b88
Event: 21.394 Thread 0x0000013850129f00 flushing  nmethod 0x00000138002a2508
Event: 21.394 Thread 0x0000013850129f00 flushing  nmethod 0x00000138002a3788
Event: 21.394 Thread 0x0000013850129f00 flushing  nmethod 0x00000138002a4b08

Events (20 events):
Event: 0.182 Thread 0x000001386be63660 Thread added: 0x000001385014ceb0
Event: 0.182 Thread 0x000001386be63660 Thread added: 0x000001385014dd30
Event: 0.186 Thread 0x000001386be63660 Thread added: 0x00000138501555b0
Event: 0.762 Thread 0x000001386be63660 Thread added: 0x000001385027a3c0
Event: 2.343 Thread 0x000001386be63660 Thread added: 0x00000138507c9110
Event: 2.343 Thread 0x000001386be63660 Thread added: 0x00000138507c9b90
Event: 3.133 Thread 0x000001385014a800 Thread added: 0x0000013850a7c8a0
Event: 3.282 Thread 0x0000013850a7c8a0 Thread added: 0x0000013850ccb3b0
Event: 3.377 Thread 0x0000013850ccb3b0 Thread added: 0x0000013850c3d360
Event: 3.440 Thread 0x0000013850ccb3b0 Thread added: 0x0000013850d37ef0
Event: 3.952 Thread 0x000001386be63660 Thread added: 0x00000138558c8090
Event: 3.955 Thread 0x00000138558c8090 Thread added: 0x0000013855841840
Event: 5.638 Thread 0x0000013855841840 Thread added: 0x0000013855a9e010
Event: 7.333 Thread 0x0000013855841840 Thread added: 0x0000013855a9e6a0
Event: 7.450 Thread 0x0000013855a9e010 Thread exited: 0x0000013855a9e010
Event: 7.669 Thread 0x0000013855a9e6a0 Thread exited: 0x0000013855a9e6a0
Event: 20.894 Thread 0x0000013855841840 Thread added: 0x0000013855a9b8b0
Event: 20.898 Thread 0x0000013855841840 Thread added: 0x0000013855a9bf40
Event: 20.904 Thread 0x0000013855841840 Thread added: 0x0000013856cd4780
Event: 20.959 Thread 0x0000013855841840 Thread added: 0x0000013856cd2020


Dynamic libraries:
0x00007ff7195c0000 - 0x00007ff7195d0000 	C:\Program Files\Java\jdk-23\bin\java.exe
0x00007ffcf3a40000 - 0x00007ffcf3ca0000 	C:\WINDOWS\SYSTEM32\ntdll.dll
0x00007ffcf24f0000 - 0x00007ffcf25b7000 	C:\WINDOWS\System32\KERNEL32.DLL
0x00007ffcf0c20000 - 0x00007ffcf0fea000 	C:\WINDOWS\System32\KERNELBASE.dll
0x00007ffcf1090000 - 0x00007ffcf11db000 	C:\WINDOWS\System32\ucrtbase.dll
0x00007ffcdd760000 - 0x00007ffcdd777000 	C:\Program Files\Java\jdk-23\bin\jli.dll
0x00007ffcddd40000 - 0x00007ffcddd5b000 	C:\Program Files\Java\jdk-23\bin\VCRUNTIME140.dll
0x00007ffcf36c0000 - 0x00007ffcf388c000 	C:\WINDOWS\System32\USER32.dll
0x00007ffcf14b0000 - 0x00007ffcf14d7000 	C:\WINDOWS\System32\win32u.dll
0x00007ffcf2220000 - 0x00007ffcf224a000 	C:\WINDOWS\System32\GDI32.dll
0x00007ffcf1590000 - 0x00007ffcf16c1000 	C:\WINDOWS\System32\gdi32full.dll
0x00007ffcf14e0000 - 0x00007ffcf1583000 	C:\WINDOWS\System32\msvcp_win.dll
0x00007ffcda790000 - 0x00007ffcdaa27000 	C:\WINDOWS\WinSxS\amd64_microsoft.windows.common-controls_6595b64144ccf1df_6.0.26100.3624_none_3e086962e3345f24\COMCTL32.dll
0x00007ffcf2a20000 - 0x00007ffcf2ac9000 	C:\WINDOWS\System32\msvcrt.dll
0x00007ffcf2300000 - 0x00007ffcf232f000 	C:\WINDOWS\System32\IMM32.DLL
0x00007ffceb470000 - 0x00007ffceb47c000 	C:\Program Files\Java\jdk-23\bin\vcruntime140_1.dll
0x00007ffcbc510000 - 0x00007ffcbc59e000 	C:\Program Files\Java\jdk-23\bin\msvcp140.dll
0x00007ffc6f880000 - 0x00007ffc705d0000 	C:\Program Files\Java\jdk-23\bin\server\jvm.dll
0x00007ffcf2bf0000 - 0x00007ffcf2ca2000 	C:\WINDOWS\System32\ADVAPI32.dll
0x00007ffcf2cb0000 - 0x00007ffcf2d56000 	C:\WINDOWS\System32\sechost.dll
0x00007ffcf2900000 - 0x00007ffcf2a16000 	C:\WINDOWS\System32\RPCRT4.dll
0x00007ffcf2d60000 - 0x00007ffcf2dd4000 	C:\WINDOWS\System32\WS2_32.dll
0x00007ffcf0a70000 - 0x00007ffcf0ace000 	C:\WINDOWS\SYSTEM32\POWRPROF.dll
0x00007ffce81e0000 - 0x00007ffce8216000 	C:\WINDOWS\SYSTEM32\WINMM.dll
0x00007ffce1650000 - 0x00007ffce165b000 	C:\WINDOWS\SYSTEM32\VERSION.dll
0x00007ffcf0a50000 - 0x00007ffcf0a64000 	C:\WINDOWS\SYSTEM32\UMPDC.dll
0x00007ffcefa30000 - 0x00007ffcefa4a000 	C:\WINDOWS\SYSTEM32\kernel.appcore.dll
0x00007ffce1b30000 - 0x00007ffce1b3a000 	C:\Program Files\Java\jdk-23\bin\jimage.dll
0x00007ffcee330000 - 0x00007ffcee571000 	C:\WINDOWS\SYSTEM32\DBGHELP.DLL
0x00007ffcf32c0000 - 0x00007ffcf3642000 	C:\WINDOWS\System32\combase.dll
0x00007ffcf3890000 - 0x00007ffcf3966000 	C:\WINDOWS\System32\OLEAUT32.dll
0x00007ffccffd0000 - 0x00007ffcd0009000 	C:\WINDOWS\SYSTEM32\dbgcore.DLL
0x00007ffcf0ff0000 - 0x00007ffcf1089000 	C:\WINDOWS\System32\bcryptPrimitives.dll
0x00007ffce17a0000 - 0x00007ffce17af000 	C:\Program Files\Java\jdk-23\bin\instrument.dll
0x00007ffcdd740000 - 0x00007ffcdd75e000 	C:\Program Files\Java\jdk-23\bin\java.dll
0x00007ffcf2340000 - 0x00007ffcf24d6000 	C:\WINDOWS\System32\ole32.dll
0x00007ffcf1840000 - 0x00007ffcf1f69000 	C:\WINDOWS\System32\SHELL32.dll
0x00007ffcf16d0000 - 0x00007ffcf1838000 	C:\WINDOWS\System32\wintypes.dll
0x00007ffcee8e0000 - 0x00007ffcef132000 	C:\WINDOWS\SYSTEM32\windows.storage.dll
0x00007ffcf2130000 - 0x00007ffcf221d000 	C:\WINDOWS\System32\SHCORE.dll
0x00007ffcf2290000 - 0x00007ffcf22f4000 	C:\WINDOWS\System32\shlwapi.dll
0x00007ffcf0b30000 - 0x00007ffcf0b5f000 	C:\WINDOWS\SYSTEM32\profapi.dll
0x00007ffcb9dc0000 - 0x00007ffcb9e97000 	C:\Program Files\Java\jdk-23\bin\jsvml.dll
0x00007ffcdd240000 - 0x00007ffcdd257000 	C:\Program Files\Java\jdk-23\bin\zip.dll
0x00007ffcdee80000 - 0x00007ffcdee90000 	C:\Program Files\Java\jdk-23\bin\net.dll
0x00007ffceff50000 - 0x00007ffceffba000 	C:\WINDOWS\system32\mswsock.dll
0x00007ffcdcfe0000 - 0x00007ffcdcff6000 	C:\Program Files\Java\jdk-23\bin\nio.dll
0x00007ffcef4f0000 - 0x00007ffcef615000 	C:\WINDOWS\SYSTEM32\DNSAPI.dll
0x00007ffcef4b0000 - 0x00007ffcef4e3000 	C:\WINDOWS\SYSTEM32\IPHLPAPI.DLL
0x00007ffcf39f0000 - 0x00007ffcf39fa000 	C:\WINDOWS\System32\NSI.dll
0x00007ffce0a20000 - 0x00007ffce0a2b000 	C:\Windows\System32\rasadhlp.dll
0x00007ffce8130000 - 0x00007ffce81b5000 	C:\WINDOWS\System32\fwpuclnt.dll
0x00007ffcdd880000 - 0x00007ffcdd889000 	C:\Program Files\Java\jdk-23\bin\extnet.dll
0x00007ffcdee20000 - 0x00007ffcdee2a000 	C:\Program Files\Java\jdk-23\bin\management.dll
0x00007ffcdee00000 - 0x00007ffcdee0b000 	C:\Program Files\Java\jdk-23\bin\management_ext.dll
0x00007ffcf2280000 - 0x00007ffcf2288000 	C:\WINDOWS\System32\PSAPI.DLL
0x00007ffcf01f0000 - 0x00007ffcf020c000 	C:\WINDOWS\SYSTEM32\CRYPTSP.dll
0x00007ffcef990000 - 0x00007ffcef9ca000 	C:\WINDOWS\system32\rsaenh.dll
0x00007ffcefff0000 - 0x00007ffcf001b000 	C:\WINDOWS\SYSTEM32\USERENV.dll
0x00007ffcf0b00000 - 0x00007ffcf0b26000 	C:\WINDOWS\SYSTEM32\bcrypt.dll
0x00007ffcf0210000 - 0x00007ffcf021c000 	C:\WINDOWS\SYSTEM32\CRYPTBASE.dll
0x00007ffcb9da0000 - 0x00007ffcb9db8000 	C:\WINDOWS\system32\napinsp.dll
0x00007ffcb9d80000 - 0x00007ffcb9d92000 	C:\WINDOWS\System32\winrnr.dll
0x00007ffcb9d40000 - 0x00007ffcb9d70000 	C:\WINDOWS\system32\nlansp_c.dll
0x00007ffce0880000 - 0x00007ffce0896000 	C:\WINDOWS\system32\wshbth.dll
0x00007ffcbb1c0000 - 0x00007ffcbb20e000 	C:\WINDOWS\SYSTEM32\pdh.dll
0x00007ffcba450000 - 0x00007ffcba462000 	C:\WINDOWS\System32\perfproc.dll
0x00007ffcba430000 - 0x00007ffcba441000 	C:\WINDOWS\System32\perfos.dll
0x00007ffcef160000 - 0x00007ffcef172000 	C:\WINDOWS\SYSTEM32\pfclient.dll
0x00007ffcdd5b0000 - 0x00007ffcdd5be000 	C:\Program Files\Java\jdk-23\bin\sunmscapi.dll
0x00007ffcf12a0000 - 0x00007ffcf1417000 	C:\WINDOWS\System32\CRYPT32.dll
0x00007ffcf03f0000 - 0x00007ffcf0420000 	C:\WINDOWS\SYSTEM32\ncrypt.dll
0x00007ffcf03a0000 - 0x00007ffcf03df000 	C:\WINDOWS\SYSTEM32\NTASN1.dll
0x00007ffcdd230000 - 0x00007ffcdd240000 	C:\Program Files\Java\jdk-23\bin\verify.dll

dbghelp: loaded successfully - version: 4.0.5 - missing functions: none
symbol engine: initialized successfully - sym options: 0x614 - pdb path: .;C:\Program Files\Java\jdk-23\bin;C:\WINDOWS\SYSTEM32;C:\WINDOWS\WinSxS\amd64_microsoft.windows.common-controls_6595b64144ccf1df_6.0.26100.3624_none_3e086962e3345f24;C:\Program Files\Java\jdk-23\bin\server

VM Arguments:
jvm_args: -javaagent:C:\Program Files\JetBrains\IntelliJ IDEA 2024.3.5\lib\idea_rt.jar=50338 -Dfile.encoding=UTF-8 -Dsun.stdout.encoding=UTF-8 -Dsun.stderr.encoding=UTF-8 
java_command: com.backend.BackendApplication
java_class_path (initial): C:\Users\Savindi Nawodya\Desktop\skillSharingAndLearningPlatform\backend\target\classes;C:\Users\Savindi Nawodya\.m2\repository\org\springframework\boot\spring-boot-starter-data-jpa\3.4.4\spring-boot-starter-data-jpa-3.4.4.jar;C:\Users\Savindi Nawodya\.m2\repository\org\springframework\boot\spring-boot-starter\3.4.4\spring-boot-starter-3.4.4.jar;C:\Users\Savindi Nawodya\.m2\repository\org\springframework\boot\spring-boot-starter-logging\3.4.4\spring-boot-starter-logging-3.4.4.jar;C:\Users\Savindi Nawodya\.m2\repository\ch\qos\logback\logback-classic\1.5.18\logback-classic-1.5.18.jar;C:\Users\Savindi Nawodya\.m2\repository\ch\qos\logback\logback-core\1.5.18\logback-core-1.5.18.jar;C:\Users\Savindi Nawodya\.m2\repository\org\apache\logging\log4j\log4j-to-slf4j\2.24.3\log4j-to-slf4j-2.24.3.jar;C:\Users\Savindi Nawodya\.m2\repository\org\apache\logging\log4j\log4j-api\2.24.3\log4j-api-2.24.3.jar;C:\Users\Savindi Nawodya\.m2\repository\org\slf4j\jul-to-slf4j\2.0.17\jul-to-slf4j-2.0.17.jar;C:\Users\Savindi Nawodya\.m2\repository\jakarta\annotation\jakarta.annotation-api\2.1.1\jakarta.annotation-api-2.1.1.jar;C:\Users\Savindi Nawodya\.m2\repository\org\yaml\snakeyaml\2.3\snakeyaml-2.3.jar;C:\Users\Savindi Nawodya\.m2\repository\org\springframework\boot\spring-boot-starter-jdbc\3.4.4\spring-boot-starter-jdbc-3.4.4.jar;C:\Users\Savindi Nawodya\.m2\repository\com\zaxxer\HikariCP\5.1.0\HikariCP-5.1.0.jar;C:\Users\Savindi Nawodya\.m2\repository\org\springframework\spring-jdbc\6.2.5\spring-jdbc-6.2.5.jar;C:\Users\Savindi Nawodya\.m2\repository\org\hibernate\orm\hibernate-core\6.6.11.Final\hibernate-core-6.6.11.Final.jar;C:\Users\Savindi Nawodya\.m2\repository\jakarta\persistence\jakarta.persistence-api\3.1.0\jakarta.persistence-api-3.1.0.jar;C:\Users\Savindi Nawodya\.m2\repository\jakarta\transaction\jakarta.transaction-api\2.0.1\jakarta.transaction-api-2.0.1.jar;C:\Users\Savindi Nawodya\.m2\repository\org\jboss\logging\jboss-logging\3.6.1.Final\jboss-logging-3.6.1.Final.jar;C:\Users\Savindi Nawodya\.m2\repository\org\hibernate\common\hibernate-commons-annotations\7.0.3.Final\hibernate-commons-annotations-7.0.3.Final.jar;C:\Users\Savindi Nawodya\.m2\repository\io\smallrye\jandex\3.2.0\jandex-3.2.0.jar;C:\Users\Savindi Nawodya\.m2\repository\com\fasterxml\classmate\1.7.0\classmate-1.7.0.jar;C:\Users\Savindi Nawodya\.m2\repository\net\bytebuddy\byte-buddy\1.15.11\byte-buddy-1.15.11.jar;C:\Users\Savindi Nawodya\.m2\repository\org\glassfish\jaxb\jaxb-runtime\4.0.5\jaxb-runtime-4.0.5.jar;C:\Users\Savindi Nawodya\.m2\repository\org\glassfish\jaxb\jaxb-core\4.0.5\jaxb-core-4.0.5.jar;C:\Users\Savindi Nawodya\.m2\repository\org\eclipse\angus\angus-activation\2.0.2\angus-activation-2.0.2.jar;C:\Users\Savindi Nawodya\.m2\repository\org\glassfish\jaxb\txw2\4.0.5\txw2-4.0.5.jar;C:\Users\Savindi Nawodya\.m2\repository\com\sun\istack\istack-commons-runtime\4.1.2\istack-commons-runtime-4.1.2.jar;C:\Users\Savindi Nawodya\.m2\repository\jakarta\inject\jakarta.inject-api\2.0.1\jakarta.inject-api-2.0.1.jar;C:\Users\Savindi Nawodya\.m2\repository\org\antlr\antlr4-runtime\4.13.0\antlr4-runtime-4.13.0.jar;C:\Users\Savindi Nawodya\.m2\repository\org\springframework\data\spring-data-jpa\3.4.4\spring-data-jpa-3.4.4.jar;C:\Users\Savindi Nawodya\.m2\repository\org\springframework\data\spring-data-commons\3.4.4\spring-data-commons-3.4.4.jar;C:\Users\Savindi Nawodya\.m2\repository\org\springframework\spring-orm\6.2.5\spring-orm-6.2.5.jar;C:\Users\Savindi Nawodya\.m2\repository\org\springframework\spring-context\6.2.5\spring-context-6.2.5.jar;C:\Users\Savindi Nawodya\.m2\repository\org\springframework\spring-tx\6.2.5\spring-tx-6.2.5.jar;C:\Users\Savindi Nawodya\.m2\repository\org\springframework\spring-beans\6.2.5\spring-beans-6.2.5.jar;C:\Users\Savindi Nawodya\.m2\repository\org\slf4j\slf4j-api\2.0.17\slf4j-api-2.0.17.jar;C:\Users\Savindi Nawodya\.m2\repository\org\springframework\spring-aspects\6.2.5\spring-aspects-6.2.5.jar;C:\Users\Savindi Nawodya\.m2\repository\org\aspectj\aspectjweaver\1.9.23\aspectjweaver-1.9.23.jar;C:\Users\Savindi Nawodya\.m2\repository\org\springframework\boot\spring-boot-starter-hateoas\3.4.4\spring-boot-starter-hateoas-3.4.4.jar;C:\Users\Savindi Nawodya\.m2\repository\org\springframework\hateoas\spring-hateoas\2.4.1\spring-hateoas-2.4.1.jar;C:\Users\Savindi Nawodya\.m2\repository\org\springframework\plugin\spring-plugin-core\3.0.0\spring-plugin-core-3.0.0.jar;C:\Users\Savindi Nawodya\.m2\repository\org\springframework\boot\spring-boot-starter-oauth2-client\3.4.4\spring-boot-starter-oauth2-client-3.4.4.jar;C:\Users\Savindi Nawodya\.m2\repository\org\springframework\security\spring-security-config\6.4.4\spring-security-config-6.4.4.jar;C:\Users\Savindi Nawodya\.m2\repository\org\springframework\security\spring-security-core\6.4.4\spring-security-core-6.4.4.jar;C:\Users\Savindi Nawodya\.m2\repository\org\springframework\security\spring-security-crypto\6.4.4\spring-security-crypto-6.4.4.jar;C:\Users\Savindi Nawodya\.m2\repository\org\springframework\spring-expression\6.2.5\spring-expression-6.2.5.jar;C:\Users\Savindi Nawodya\.m2\repository\io\micrometer\micrometer-observation\1.14.5\micrometer-observation-1.14.5.jar;C:\Users\Savindi Nawodya\.m2\repository\io\micrometer\micrometer-commons\1.14.5\micrometer-commons-1.14.5.jar;C:\Users\Savindi Nawodya\.m2\repository\org\springframework\security\spring-security-oauth2-client\6.4.4\spring-security-oauth2-client-6.4.4.jar;C:\Users\Savindi Nawodya\.m2\repository\org\springframework\security\spring-security-oauth2-core\6.4.4\spring-security-oauth2-core-6.4.4.jar;C:\Users\Savindi Nawodya\.m2\repository\com\nimbusds\oauth2-oidc-sdk\9.43.6\oauth2-oidc-sdk-9.43.6.jar;C:\Users\Savindi Nawodya\.m2\repository\com\github\stephenc\jcip\jcip-annotations\1.0-1\jcip-annotations-1.0-1.jar;C:\Users\Savindi Nawodya\.m2\repository\com\nimbusds\content-type\2.2\content-type-2.2.jar;C:\Users\Savindi Nawodya\.m2\repository\com\nimbusds\lang-tag\1.7\lang-tag-1.7.jar;C:\Users\Savindi Nawodya\.m2\repository\org\springframework\security\spring-security-oauth2-jose\6.4.4\spring-security-oauth2-jose-6.4.4.jar;C:\Users\Savindi Nawodya\.m2\repository\com\nimbusds\nimbus-jose-jwt\9.37.3\nimbus-jose-jwt-9.37.3.jar;C:\Users\Savindi Nawodya\.m2\repository\org\springframework\boot\spring-boot-starter-security\3.4.4\spring-boot-starter-security-3.4.4.jar;C:\Users\Savindi Nawodya\.m2\repository\org\springframework\spring-aop\6.2.5\spring-aop-6.2.5.jar;C:\Users\Savindi Nawodya\.m2\repository\org\springframework\security\spring-security-web\6.4.4\spring-security-web-6.4.4.jar;C:\Users\Savindi Nawodya\.m2\repository\org\springframework\boot\spring-boot-starter-web\3.4.4\spring-boot-starter-web-3.4.4.jar;C:\Users\Savindi Nawodya\.m2\repository\org\springframework\boot\spring-boot-starter-json\3.4.4\spring-boot-starter-json-3.4.4.jar;C:\Users\Savindi Nawodya\.m2\repository\com\fasterxml\jackson\core\jackson-databind\2.18.3\jackson-databind-2.18.3.jar;C:\Users\Savindi Nawodya\.m2\repository\com\fasterxml\jackson\core\jackson-annotations\2.18.3\jackson-annotations-2.18.3.jar;C:\Users\Savindi Nawodya\.m2\repository\com\fasterxml\jackson\core\jackson-core\2.18.3\jackson-core-2.18.3.jar;C:\Users\Savindi Nawodya\.m2\repository\com\fasterxml\jackson\datatype\jackson-datatype-jdk8\2.18.3\jackson-datatype-jdk8-2.18.3.jar;C:\Users\Savindi Nawodya\.m2\repository\com\fasterxml\jackson\datatype\jackson-datatype-jsr310\2.18.3\jackson-datatype-jsr310-2.18.3.jar;C:\Users\Savindi Nawodya\.m2\repository\com\fasterxml\jackson\module\jackson-module-parameter-names\2.18.3\jackson-module-parameter-names-2.18.3.jar;C:\Users\Savindi Nawodya\.m2\repository\org\springframework\boot\spring-boot-starter-tomcat\3.4.4\spring-boot-starter-tomcat-3.4.4.jar;C:\Users\Savindi Nawodya\.m2\repository\org\apache\tomcat\embed\tomcat-embed-core\10.1.39\tomcat-embed-core-10.1.39.jar;C:\Users\Savindi Nawodya\.m2\repository\org\apache\tomcat\embed\tomcat-embed-el\10.1.39\tomcat-embed-el-10.1.39.jar;C:\Users\Savindi Nawodya\.m2\repository\org\apache\tomcat\embed\tomcat-embed-websocket\10.1.39\tomcat-embed-websocket-10.1.39.jar;C:\Users\Savindi Nawodya\.m2\repository\org\springframework\spring-web\6.2.5\spring-web-6.2.5.jar;C:\Users\Savindi Nawodya\.m2\repository\org\springframework\spring-webmvc\6.2.5\spring-webmvc-6.2.5.jar;C:\Users\Savindi Nawodya\.m2\repository\org\springframework\boot\spring-boot-devtools\3.4.4\spring-boot-devtools-3.4.4.jar;C:\Users\Savindi Nawodya\.m2\repository\org\springframework\boot\spring-boot\3.4.4\spring-boot-3.4.4.jar;C:\Users\Savindi Nawodya\.m2\repository\org\springframework\boot\spring-boot-autoconfigure\3.4.4\spring-boot-autoconfigure-3.4.4.jar;C:\Users\Savindi Nawodya\.m2\repository\com\mysql\mysql-connector-j\9.1.0\mysql-connector-j-9.1.0.jar;C:\Users\Savindi Nawodya\.m2\repository\org\projectlombok\lombok\1.18.36\lombok-1.18.36.jar;C:\Users\Savindi Nawodya\.m2\repository\org\modelmapper\modelmapper\3.2.2\modelmapper-3.2.2.jar;C:\Users\Savindi Nawodya\.m2\repository\com\jayway\jsonpath\json-path\2.9.0\json-path-2.9.0.jar;C:\Users\Savindi Nawodya\.m2\repository\jakarta\xml\bind\jakarta.xml.bind-api\4.0.2\jakarta.xml.bind-api-4.0.2.jar;C:\Users\Savindi Nawodya\.m2\repository\jakarta\activation\jakarta.activation-api\2.1.3\jakarta.activation-api-2.1.3.jar;C:\Users\Savindi Nawodya\.m2\repository\net\minidev\json-smart\2.5.2\json-smart-2.5.2.jar;C:\Users\Savindi Nawodya\.m2\repository\net\minidev\accessors-smart\2.5.2\accessors-smart-2.5.2.jar;C:\Users\Savindi Nawodya\.m2\repository\org\ow2\asm\asm\9.7.1\asm-9.7.1.jar;C:\Users\Savindi Nawodya\.m2\repository\org\springframework\spring-core\6.2.5\spring-core-6.2.5.jar;C:\Users\Savindi Nawodya\.m2\repository\org\springframework\spring-jcl\6.2.5\spring-jcl-6.2.5.jar
Launcher Type: SUN_STANDARD

[Global flags]
     intx CICompilerCount                          = 3                                         {product} {ergonomic}
     uint ConcGCThreads                            = 1                                         {product} {ergonomic}
     uint G1ConcRefinementThreads                  = 4                                         {product} {ergonomic}
   size_t G1HeapRegionSize                         = 1048576                                   {product} {ergonomic}
   size_t InitialHeapSize                          = 62914560                                  {product} {ergonomic}
   size_t MarkStackSize                            = 4194304                                   {product} {ergonomic}
   size_t MarkStackSizeMax                         = 536870912                                 {product} {ergonomic}
   size_t MaxHeapSize                              = 1004535808                                {product} {ergonomic}
   size_t MaxNewSize                               = 601882624                                 {product} {ergonomic}
   size_t MinHeapDeltaBytes                        = 1048576                                   {product} {ergonomic}
   size_t MinHeapSize                              = 8388608                                   {product} {ergonomic}
    uintx NonNMethodCodeHeapSize                   = 5832704                                {pd product} {ergonomic}
    uintx NonProfiledCodeHeapSize                  = 122945536                              {pd product} {ergonomic}
    uintx ProfiledCodeHeapSize                     = 122880000                              {pd product} {ergonomic}
    uintx ReservedCodeCacheSize                    = 251658240                              {pd product} {ergonomic}
     bool SegmentedCodeCache                       = true                                      {product} {ergonomic}
   size_t SoftMaxHeapSize                          = 1004535808                             {manageable} {ergonomic}
     bool UseCompressedOops                        = true                           {product lp64_product} {ergonomic}
     bool UseG1GC                                  = true                                      {product} {ergonomic}
     bool UseLargePagesIndividualAllocation        = false                                  {pd product} {ergonomic}

Logging:
Log output configuration:
 #0: stdout all=warning uptime,level,tags foldmultilines=false
 #1: stderr all=off uptime,level,tags foldmultilines=false

Environment Variables:
PATH=C:\Program Files\Microsoft MPI\Bin\;C:\Program Files\Java\jdk-23\bin;C:\Users\Savindi Nawodya\anaconda3\;C:\Users\Savindi Nawodya\anaconda3\Scripts\;C:\Users\Savindi Nawodya\anaconda3\Library\bin\;C:\Program Files\Microsoft\jdk-11.0.16.101-hotspot\bin;C:\Program Files\Common Files\Oracle\Java\javapath;C:\WINDOWS\system32;C:\WINDOWS;C:\WINDOWS\System32\Wbem;C:\WINDOWS\System32\WindowsPowerShell\v1.0\;C:\WINDOWS\System32\OpenSSH\;C:\Program Files\dotnet\;C:\Program Files (x86)\Microsoft SQL Server\160\Tools\Binn\;C:\Program Files\Microsoft SQL Server\160\Tools\Binn\;C:\Program Files\Microsoft SQL Server\Client SDK\ODBC\170\Tools\Binn\;C:\Program Files\Microsoft SQL Server\160\DTS\Binn\;C:\Program Files\Azure Data Studio\bin;C:\Program Files\Microsoft SQL Server\150\Tools\Binn\;C:\Program Files\nodejs\;C:\ProgramData\chocolatey\bin;C:\Python312\;C:\Python312\Scripts\;C:\Program Files (x86)\Microsoft SQL Server\160\DTS\Binn\;C:\projects\Git\cmd;C:\Program Files\Microsoft SQL Server\130\DTS\Binn\;C:\Program Files\Microsoft SQL Server\140\DTS\Binn\;C:\Program Files\Microsoft SQL Server\150\DTS\Binn\;C:\Users\Savindi Nawodya\AppData\Local\Microsoft\WindowsApps;C:\Program Files\Azure Data Studio\bin;C:\Users\Savindi Nawodya\AppData\Local\Programs\Microsoft VS Code\bin;C:\Users\Savindi Nawodya\AppData\Local\GitHubDesktop\bin;C:\Users\Savindi Nawodya\AppData\Roaming\npm;C:\Users\Savindi Nawodya\.dotnet\tools;;C:\Users\Savindi Nawodya\AppData\Local\JetBrains\IntelliJ IDEA Community Edition 2024.3.5\bin;;C:\Program Files\JetBrains\IntelliJ IDEA 2024.3.5\bin;
USERNAME=Savindi Nawodya
OS=Windows_NT
PROCESSOR_IDENTIFIER=Intel64 Family 6 Model 140 Stepping 1, GenuineIntel
TMP=C:\Users\SAVIND~1\AppData\Local\Temp
TEMP=C:\Users\SAVIND~1\AppData\Local\Temp




Periodic native trim disabled

---------------  S Y S T E M  ---------------

OS:
 Windows 11 , 64 bit Build 26100 (10.0.26100.3775)
OS uptime: 2 days 0:01 hours

CPU: total 4 (initial active 4) (2 cores per cpu, 2 threads per core) family 6 model 140 stepping 1 microcode 0xba, cx8, cmov, fxsr, ht, mmx, 3dnowpref, sse, sse2, sse3, ssse3, sse4.1, sse4.2, popcnt, lzcnt, tsc, tscinvbit, avx, avx2, aes, erms, clmul, bmi1, bmi2, adx, avx512f, avx512dq, avx512cd, avx512bw, avx512vl, sha, fma, vzeroupper, avx512_vpopcntdq, avx512_vpclmulqdq, avx512_vaes, avx512_vnni, clflush, clflushopt, clwb, avx512_vbmi2, avx512_vbmi, rdtscp, rdpid, fsrm, gfni, avx512_bitalg, f16c, pku, cet_ibt, cet_ss, avx512_ifma
Processor Information for the first 4 processors :
  Max Mhz: 2995, Current Mhz: 2995, Mhz Limit: 2995

Memory: 4k page, system-wide physical 3830M (52M free)
TotalPageFile size 15606M (AvailPageFile size 57M)
current process WorkingSet (physical memory assigned to process): 166M, peak: 166M
current process commit charge ("private bytes"): 234M, peak: 236M

vm_info: Java HotSpot(TM) 64-Bit Server VM (23.0.2+7-58) for windows-amd64 JRE (23.0.2+7-58), built on 2024-11-29T09:34:55Z with MS VC++ 17.6 (VS2022)

END.
